<?xml version="1.0" encoding="UTF-8"?>
<!-- Generated by org.testng.reporters.JUnitXMLReporter -->
<testsuite hostname="RupaliPC" ignored="0" name="Free CRM App Test Cases" tests="3" failures="0" timestamp="22 Jul 2018 08:12:40 GMT" time="33.531" errors="0">
  <testcase name="loginPageTitle" time="0.044" classname="com.crm.qa.testcases.LoginPageTest"/>
  <testcase name="crmLogoTest" time="0.08" classname="com.crm.qa.testcases.LoginPageTest"/>
  <testcase name="loginTest" time="8.154" classname="com.crm.qa.testcases.LoginPageTest"/>
</testsuite> <!-- Free CRM App Test Cases -->
