<?xml version="1.0" encoding="UTF-8"?>
<!-- Generated by org.testng.reporters.JUnitXMLReporter -->
<testsuite hostname="RupaliPC" ignored="0" name="Default test" tests="3" failures="0" timestamp="22 Jul 2018 07:54:04 GMT" time="29.91" errors="0">
  <testcase name="loginPageTitle" time="0.08" classname="com.crm.qa.testcases.LoginPageTest"/>
  <testcase name="crmLogoTest" time="0.108" classname="com.crm.qa.testcases.LoginPageTest"/>
  <testcase name="loginTest" time="5.77" classname="com.crm.qa.testcases.LoginPageTest"/>
</testsuite> <!-- Default test -->
