<?xml version="1.0" encoding="UTF-8"?>
<!-- Generated by org.testng.reporters.JUnitXMLReporter -->
<testsuite hostname="RupaliPC" ignored="0" name="Default test" tests="3" failures="0" timestamp="22 Jul 2018 22:37:00 GMT" time="34.536" errors="0">
  <testcase name="loginPageTitle" time="0.056" classname="com.crm.qa.testcases.LoginPageTest"/>
  <testcase name="crmLogoTest" time="0.08" classname="com.crm.qa.testcases.LoginPageTest"/>
  <testcase name="loginTest" time="12.552" classname="com.crm.qa.testcases.LoginPageTest"/>
</testsuite> <!-- Default test -->
