<?xml version="1.0" encoding="UTF-8"?>
<testng-results skipped="0" failed="0" ignored="0" total="3" passed="3">
  <reporter-output>
  </reporter-output>
  <suite name="Default suite" duration-ms="34536" started-at="2018-07-22T22:36:26Z" finished-at="2018-07-22T22:37:00Z">
    <groups>
    </groups>
    <test name="Default test" duration-ms="34536" started-at="2018-07-22T22:36:26Z" finished-at="2018-07-22T22:37:00Z">
      <class name="com.crm.qa.testcases.LoginPageTest">
        <test-method status="PASS" signature="setup()[pri:0, instance:com.crm.qa.testcases.LoginPageTest@3ffc5af1]" name="setup" is-config="true" duration-ms="7238" started-at="2018-07-22T15:36:26Z" finished-at="2018-07-22T15:36:33Z">
          <reporter-output>
          </reporter-output>
        </test-method> <!-- setup -->
        <test-method status="PASS" signature="loginPageTitle()[pri:0, instance:com.crm.qa.testcases.LoginPageTest@3ffc5af1]" name="loginPageTitle" duration-ms="56" started-at="2018-07-22T15:36:33Z" finished-at="2018-07-22T15:36:33Z">
          <reporter-output>
          </reporter-output>
        </test-method> <!-- loginPageTitle -->
        <test-method status="PASS" signature="tearDown()[pri:0, instance:com.crm.qa.testcases.LoginPageTest@3ffc5af1]" name="tearDown" is-config="true" duration-ms="2175" started-at="2018-07-22T15:36:33Z" finished-at="2018-07-22T15:36:35Z">
          <reporter-output>
          </reporter-output>
        </test-method> <!-- tearDown -->
        <test-method status="PASS" signature="setup()[pri:0, instance:com.crm.qa.testcases.LoginPageTest@3ffc5af1]" name="setup" is-config="true" duration-ms="6091" started-at="2018-07-22T15:36:35Z" finished-at="2018-07-22T15:36:41Z">
          <reporter-output>
          </reporter-output>
        </test-method> <!-- setup -->
        <test-method status="PASS" signature="crmLogoTest()[pri:1, instance:com.crm.qa.testcases.LoginPageTest@3ffc5af1]" name="crmLogoTest" duration-ms="80" started-at="2018-07-22T15:36:41Z" finished-at="2018-07-22T15:36:41Z">
          <reporter-output>
          </reporter-output>
        </test-method> <!-- crmLogoTest -->
        <test-method status="PASS" signature="tearDown()[pri:0, instance:com.crm.qa.testcases.LoginPageTest@3ffc5af1]" name="tearDown" is-config="true" duration-ms="116" started-at="2018-07-22T15:36:41Z" finished-at="2018-07-22T15:36:42Z">
          <reporter-output>
          </reporter-output>
        </test-method> <!-- tearDown -->
        <test-method status="PASS" signature="setup()[pri:0, instance:com.crm.qa.testcases.LoginPageTest@3ffc5af1]" name="setup" is-config="true" duration-ms="6005" started-at="2018-07-22T15:36:42Z" finished-at="2018-07-22T15:36:48Z">
          <reporter-output>
          </reporter-output>
        </test-method> <!-- setup -->
        <test-method status="PASS" signature="loginTest()[pri:2, instance:com.crm.qa.testcases.LoginPageTest@3ffc5af1]" name="loginTest" duration-ms="12552" started-at="2018-07-22T15:36:48Z" finished-at="2018-07-22T15:37:00Z">
          <reporter-output>
          </reporter-output>
        </test-method> <!-- loginTest -->
        <test-method status="PASS" signature="tearDown()[pri:0, instance:com.crm.qa.testcases.LoginPageTest@3ffc5af1]" name="tearDown" is-config="true" duration-ms="180" started-at="2018-07-22T15:37:00Z" finished-at="2018-07-22T15:37:00Z">
          <reporter-output>
          </reporter-output>
        </test-method> <!-- tearDown -->
      </class> <!-- com.crm.qa.testcases.LoginPageTest -->
    </test> <!-- Default test -->
  </suite> <!-- Default suite -->
</testng-results>
