<?xml version="1.0" encoding="UTF-8"?>
<testng-results skipped="0" failed="0" ignored="0" total="3" passed="3">
  <reporter-output>
  </reporter-output>
  <suite name="FREE CRM Application Test Automation Test Suite" duration-ms="33531" started-at="2018-07-22T08:12:06Z" finished-at="2018-07-22T08:12:40Z">
    <groups>
    </groups>
    <test name="Free CRM App Test Cases" duration-ms="33531" started-at="2018-07-22T08:12:06Z" finished-at="2018-07-22T08:12:40Z">
      <class name="com.crm.qa.testcases.LoginPageTest">
        <test-method status="PASS" signature="setup()[pri:0, instance:com.crm.qa.testcases.LoginPageTest@5e5792a0]" name="setup" is-config="true" duration-ms="7941" started-at="2018-07-22T01:12:06Z" finished-at="2018-07-22T01:12:14Z">
          <reporter-output>
          </reporter-output>
        </test-method> <!-- setup -->
        <test-method status="PASS" signature="loginPageTitle()[pri:0, instance:com.crm.qa.testcases.LoginPageTest@5e5792a0]" name="loginPageTitle" duration-ms="44" started-at="2018-07-22T01:12:14Z" finished-at="2018-07-22T01:12:14Z">
          <reporter-output>
          </reporter-output>
        </test-method> <!-- loginPageTitle -->
        <test-method status="PASS" signature="tearDown()[pri:0, instance:com.crm.qa.testcases.LoginPageTest@5e5792a0]" name="tearDown" is-config="true" duration-ms="2143" started-at="2018-07-22T01:12:14Z" finished-at="2018-07-22T01:12:16Z">
          <reporter-output>
          </reporter-output>
        </test-method> <!-- tearDown -->
        <test-method status="PASS" signature="setup()[pri:0, instance:com.crm.qa.testcases.LoginPageTest@5e5792a0]" name="setup" is-config="true" duration-ms="6587" started-at="2018-07-22T01:12:16Z" finished-at="2018-07-22T01:12:23Z">
          <reporter-output>
          </reporter-output>
        </test-method> <!-- setup -->
        <test-method status="PASS" signature="crmLogoTest()[pri:1, instance:com.crm.qa.testcases.LoginPageTest@5e5792a0]" name="crmLogoTest" duration-ms="80" started-at="2018-07-22T01:12:23Z" finished-at="2018-07-22T01:12:23Z">
          <reporter-output>
          </reporter-output>
        </test-method> <!-- crmLogoTest -->
        <test-method status="PASS" signature="tearDown()[pri:0, instance:com.crm.qa.testcases.LoginPageTest@5e5792a0]" name="tearDown" is-config="true" duration-ms="2123" started-at="2018-07-22T01:12:23Z" finished-at="2018-07-22T01:12:25Z">
          <reporter-output>
          </reporter-output>
        </test-method> <!-- tearDown -->
        <test-method status="PASS" signature="setup()[pri:0, instance:com.crm.qa.testcases.LoginPageTest@5e5792a0]" name="setup" is-config="true" duration-ms="6259" started-at="2018-07-22T01:12:25Z" finished-at="2018-07-22T01:12:32Z">
          <reporter-output>
          </reporter-output>
        </test-method> <!-- setup -->
        <test-method status="PASS" signature="loginTest()[pri:2, instance:com.crm.qa.testcases.LoginPageTest@5e5792a0]" name="loginTest" duration-ms="8154" started-at="2018-07-22T01:12:32Z" finished-at="2018-07-22T01:12:40Z">
          <reporter-output>
          </reporter-output>
        </test-method> <!-- loginTest -->
        <test-method status="PASS" signature="tearDown()[pri:0, instance:com.crm.qa.testcases.LoginPageTest@5e5792a0]" name="tearDown" is-config="true" duration-ms="176" started-at="2018-07-22T01:12:40Z" finished-at="2018-07-22T01:12:40Z">
          <reporter-output>
          </reporter-output>
        </test-method> <!-- tearDown -->
      </class> <!-- com.crm.qa.testcases.LoginPageTest -->
    </test> <!-- Free CRM App Test Cases -->
  </suite> <!-- FREE CRM Application Test Automation Test Suite -->
</testng-results>
